TN:
SF:src\App.js
FN:69,(anonymous_0)
FN:83,(anonymous_1)
FNF:2
FNH:1
FNDA:0,(anonymous_0)
FNDA:5,(anonymous_1)
DA:14,1
DA:69,1
DA:70,0
DA:72,0
DA:73,0
DA:76,0
DA:77,0
DA:80,0
DA:83,1
DA:84,5
LF:10
LH:4
BRDA:72,0,0,0
BRDA:72,0,1,0
BRDA:76,1,0,0
BRDA:76,1,1,0
BRF:4
BRH:0
end_of_record
TN:
SF:src\CreatePoll.js
FN:25,(anonymous_0)
FN:36,(anonymous_1)
FN:42,(anonymous_2)
FN:46,(anonymous_3)
FN:48,(anonymous_4)
FN:53,(anonymous_5)
FN:68,(anonymous_6)
FN:104,(anonymous_7)
FN:112,(anonymous_8)
FN:136,(anonymous_9)
FN:146,(anonymous_10)
FN:157,(anonymous_11)
FN:172,(anonymous_12)
FN:180,(anonymous_13)
FN:186,(anonymous_14)
FN:192,(anonymous_15)
FNF:16
FNH:15
FNDA:50,(anonymous_0)
FNDA:11,(anonymous_1)
FNDA:1,(anonymous_2)
FNDA:1,(anonymous_3)
FNDA:3,(anonymous_4)
FNDA:8,(anonymous_5)
FNDA:12,(anonymous_6)
FNDA:0,(anonymous_7)
FNDA:1,(anonymous_8)
FNDA:6,(anonymous_9)
FNDA:6,(anonymous_10)
FNDA:2,(anonymous_11)
FNDA:1,(anonymous_12)
FNDA:102,(anonymous_13)
FNDA:11,(anonymous_14)
FNDA:1,(anonymous_15)
DA:25,2
DA:26,50
DA:27,50
DA:28,50
DA:29,50
DA:30,50
DA:31,50
DA:32,50
DA:33,50
DA:34,50
DA:36,50
DA:37,11
DA:38,11
DA:39,11
DA:42,50
DA:43,1
DA:46,50
DA:47,1
DA:48,3
DA:49,1
DA:53,50
DA:54,8
DA:55,8
DA:58,8
DA:59,1
DA:60,1
DA:63,7
DA:64,1
DA:65,1
DA:68,12
DA:69,6
DA:70,1
DA:71,1
DA:74,5
DA:75,5
DA:90,5
DA:92,5
DA:93,3
DA:94,3
DA:96,2
DA:99,0
DA:100,0
DA:104,50
DA:105,0
DA:106,0
DA:108,0
DA:112,50
DA:113,1
DA:114,1
DA:117,50
DA:136,6
DA:146,6
DA:157,2
DA:172,1
DA:181,102
DA:186,11
DA:192,1
LF:57
LH:52
BRDA:47,0,0,1
BRDA:47,0,1,0
BRDA:58,1,0,1
BRDA:58,1,1,7
BRDA:63,2,0,1
BRDA:63,2,1,6
BRDA:69,3,0,1
BRDA:69,3,1,5
BRDA:85,4,0,5
BRDA:85,4,1,3
BRDA:92,5,0,3
BRDA:92,5,1,2
BRDA:92,6,0,5
BRDA:92,6,1,3
BRDA:96,7,0,2
BRDA:96,7,1,0
BRDA:125,8,0,50
BRDA:125,8,1,9
BRDA:189,9,0,102
BRDA:189,9,1,6
BRF:20
BRH:18
end_of_record
TN:
SF:src\Login.js
FN:14,(anonymous_0)
FN:21,(anonymous_1)
FN:67,(anonymous_2)
FN:76,(anonymous_3)
FNF:4
FNH:4
FNDA:22,(anonymous_0)
FNDA:3,(anonymous_1)
FNDA:3,(anonymous_2)
FNDA:3,(anonymous_3)
DA:14,2
DA:15,22
DA:16,22
DA:17,22
DA:18,22
DA:19,22
DA:21,22
DA:22,3
DA:23,3
DA:25,3
DA:26,3
DA:34,2
DA:36,2
DA:37,1
DA:41,1
DA:43,1
DA:46,1
DA:50,22
DA:67,3
DA:76,3
LF:20
LH:20
BRDA:36,0,0,1
BRDA:36,0,1,1
BRDA:43,1,0,1
BRDA:43,1,1,0
BRDA:57,2,0,22
BRDA:57,2,1,4
BRF:6
BRH:5
end_of_record
TN:
SF:src\Poll.js
FN:5,Poll
FN:12,(anonymous_1)
FN:15,(anonymous_2)
FN:16,(anonymous_3)
FN:23,(anonymous_4)
FN:34,(anonymous_5)
FN:38,(anonymous_6)
FN:47,(anonymous_7)
FN:52,(anonymous_8)
FNF:9
FNH:9
FNDA:13,Poll
FNDA:5,(anonymous_1)
FNDA:5,(anonymous_2)
FNDA:1,(anonymous_3)
FNDA:3,(anonymous_4)
FNDA:1,(anonymous_5)
FNDA:1,(anonymous_6)
FNDA:24,(anonymous_7)
FNDA:2,(anonymous_8)
DA:6,13
DA:7,13
DA:8,13
DA:9,13
DA:10,13
DA:12,13
DA:14,5
DA:15,5
DA:16,1
DA:19,13
DA:20,5
DA:23,8
DA:24,3
DA:25,1
DA:26,1
DA:29,2
DA:35,1
DA:36,1
DA:39,1
DA:40,1
DA:44,8
DA:48,24
DA:52,2
LF:23
LH:23
BRDA:19,0,0,5
BRDA:19,0,1,8
BRDA:24,1,0,1
BRDA:24,1,1,2
BRF:4
BRH:4
end_of_record
TN:
SF:src\PollList.js
FN:22,(anonymous_0)
FN:30,(anonymous_1)
FN:55,(anonymous_2)
FN:59,(anonymous_3)
FN:68,(anonymous_4)
FN:79,(anonymous_5)
FN:90,(anonymous_6)
FN:123,(anonymous_7)
FN:131,(anonymous_8)
FN:161,(anonymous_9)
FN:171,(anonymous_10)
FN:181,(anonymous_11)
FN:202,(anonymous_12)
FN:205,(anonymous_13)
FNF:14
FNH:11
FNDA:25,(anonymous_0)
FNDA:25,(anonymous_1)
FNDA:25,(anonymous_2)
FNDA:1,(anonymous_3)
FNDA:1,(anonymous_4)
FNDA:1,(anonymous_5)
FNDA:1,(anonymous_6)
FNDA:0,(anonymous_7)
FNDA:14,(anonymous_8)
FNDA:1,(anonymous_9)
FNDA:1,(anonymous_10)
FNDA:1,(anonymous_11)
FNDA:0,(anonymous_12)
FNDA:0,(anonymous_13)
DA:22,2
DA:23,25
DA:24,25
DA:25,25
DA:26,25
DA:27,25
DA:28,25
DA:30,25
DA:31,25
DA:32,25
DA:36,25
DA:37,0
DA:40,25
DA:42,25
DA:43,20
DA:45,5
DA:48,0
DA:49,0
DA:51,25
DA:55,25
DA:56,25
DA:59,25
DA:60,1
DA:61,1
DA:66,1
DA:67,1
DA:68,1
DA:69,1
DA:71,0
DA:74,0
DA:75,0
DA:79,25
DA:80,1
DA:81,1
DA:82,1
DA:83,1
DA:85,0
DA:86,0
DA:90,25
DA:91,1
DA:94,25
DA:95,7
DA:102,18
DA:123,0
DA:132,14
DA:161,1
DA:171,1
DA:181,1
DA:202,0
DA:205,0
LF:50
LH:39
BRDA:36,0,0,0
BRDA:36,0,1,25
BRDA:42,1,0,20
BRDA:42,1,1,5
BRDA:42,2,0,25
BRDA:42,2,1,20
BRDA:43,3,0,20
BRDA:43,3,1,0
BRDA:45,4,0,5
BRDA:45,4,1,0
BRDA:67,5,0,1
BRDA:67,5,1,0
BRDA:67,6,0,1
BRDA:67,6,1,1
BRDA:71,7,0,0
BRDA:71,7,1,0
BRDA:94,8,0,7
BRDA:94,8,1,18
BRDA:109,9,0,18
BRDA:109,9,1,3
BRDA:115,10,0,6
BRDA:115,10,1,12
BRDA:144,11,0,14
BRDA:144,11,1,12
BRDA:149,12,0,14
BRDA:149,12,1,14
BRF:26
BRH:20
end_of_record
TN:
SF:src\Register.js
FN:13,(anonymous_0)
FN:20,(anonymous_1)
FN:62,(anonymous_2)
FN:71,(anonymous_3)
FN:80,(anonymous_4)
FNF:5
FNH:5
FNDA:24,(anonymous_0)
FNDA:4,(anonymous_1)
FNDA:4,(anonymous_2)
FNDA:4,(anonymous_3)
FNDA:4,(anonymous_4)
DA:13,2
DA:14,24
DA:15,24
DA:16,24
DA:17,24
DA:18,24
DA:20,24
DA:21,4
DA:22,4
DA:24,4
DA:25,4
DA:33,3
DA:35,3
DA:36,1
DA:38,2
DA:41,1
DA:45,24
DA:62,4
DA:71,4
DA:80,4
LF:20
LH:20
BRDA:35,0,0,1
BRDA:35,0,1,2
BRDA:38,1,0,2
BRDA:38,1,1,0
BRDA:52,2,0,24
BRDA:52,2,1,6
BRF:6
BRH:5
end_of_record
TN:
SF:src\VotePage.js
FN:24,(anonymous_0)
FN:41,(anonymous_1)
FN:46,(anonymous_2)
FN:54,(anonymous_3)
FN:57,(anonymous_4)
FN:64,(anonymous_5)
FN:71,(anonymous_6)
FN:72,(anonymous_7)
FN:110,(anonymous_8)
FN:241,(anonymous_9)
FN:243,(anonymous_10)
FN:286,(anonymous_11)
FN:296,(anonymous_12)
FNF:13
FNH:11
FNDA:58,(anonymous_0)
FNDA:10,(anonymous_1)
FNDA:10,(anonymous_2)
FNDA:20,(anonymous_3)
FNDA:0,(anonymous_4)
FNDA:0,(anonymous_5)
FNDA:20,(anonymous_6)
FNDA:20,(anonymous_7)
FNDA:6,(anonymous_8)
FNDA:5,(anonymous_9)
FNDA:74,(anonymous_10)
FNDA:6,(anonymous_11)
FNDA:6,(anonymous_12)
DA:24,2
DA:25,58
DA:26,58
DA:27,58
DA:28,58
DA:29,58
DA:30,58
DA:31,58
DA:32,58
DA:33,58
DA:34,58
DA:35,58
DA:36,58
DA:37,58
DA:38,58
DA:41,58
DA:42,10
DA:43,10
DA:44,10
DA:46,10
DA:47,10
DA:48,0
DA:54,58
DA:55,20
DA:57,0
DA:58,0
DA:59,0
DA:60,0
DA:64,0
DA:65,0
DA:66,0
DA:71,58
DA:72,20
DA:73,20
DA:74,20
DA:75,20
DA:80,19
DA:81,3
DA:84,16
DA:85,1
DA:88,15
DA:90,15
DA:91,15
DA:92,15
DA:93,15
DA:95,15
DA:97,0
DA:100,5
DA:101,5
DA:103,20
DA:107,20
DA:110,58
DA:111,6
DA:112,6
DA:113,6
DA:115,6
DA:116,1
DA:117,1
DA:120,5
DA:121,0
DA:122,0
DA:125,5
DA:126,5
DA:127,5
DA:141,5
DA:142,1
DA:145,4
DA:147,4
DA:148,2
DA:149,2
DA:150,2
DA:153,2
DA:155,1
DA:156,1
DA:157,1
DA:159,0
DA:163,1
DA:164,1
DA:168,58
DA:170,58
DA:171,20
DA:178,38
DA:179,1
DA:188,37
DA:241,5
DA:244,74
DA:286,6
DA:296,6
LF:88
LH:76
BRDA:42,0,0,10
BRDA:42,0,1,10
BRDA:47,1,0,0
BRDA:47,1,1,10
BRDA:55,2,0,20
BRDA:55,2,1,0
BRDA:58,3,0,0
BRDA:58,3,1,0
BRDA:65,4,0,0
BRDA:65,4,1,0
BRDA:74,5,0,20
BRDA:74,5,1,0
BRDA:80,6,0,3
BRDA:80,6,1,16
BRDA:84,7,0,1
BRDA:84,7,1,15
BRDA:90,8,0,15
BRDA:90,8,1,0
BRDA:95,9,0,15
BRDA:95,9,1,0
BRDA:97,10,0,0
BRDA:97,10,1,0
BRDA:115,11,0,1
BRDA:115,11,1,5
BRDA:120,12,0,0
BRDA:120,12,1,5
BRDA:120,13,0,5
BRDA:120,13,1,5
BRDA:126,14,0,5
BRDA:126,14,1,0
BRDA:141,15,0,1
BRDA:141,15,1,4
BRDA:147,16,0,2
BRDA:147,16,1,2
BRDA:147,17,0,4
BRDA:147,17,1,2
BRDA:153,18,0,1
BRDA:153,18,1,1
BRDA:153,19,0,2
BRDA:153,19,1,2
BRDA:156,20,0,1
BRDA:156,20,1,0
BRDA:159,21,0,0
BRDA:159,21,1,0
BRDA:168,22,0,58
BRDA:168,22,1,58
BRDA:168,22,2,4
BRDA:170,23,0,20
BRDA:170,23,1,38
BRDA:178,24,0,1
BRDA:178,24,1,37
BRDA:201,25,0,37
BRDA:201,25,1,37
BRDA:206,26,0,37
BRDA:206,26,1,4
BRDA:216,27,0,37
BRDA:216,27,1,15
BRDA:223,28,0,37
BRDA:223,28,1,4
BRDA:223,28,2,0
BRDA:223,28,3,0
BRDA:230,29,0,37
BRDA:230,29,1,4
BRDA:230,29,2,0
BRDA:230,29,3,4
BRDA:250,30,0,74
BRDA:250,30,1,8
BRDA:279,31,0,37
BRDA:279,31,1,33
BRF:69
BRH:50
end_of_record
TN:
SF:src\components\Navbar.js
FN:13,(anonymous_0)
FN:17,(anonymous_1)
FNF:2
FNH:2
FNDA:10,(anonymous_0)
FNDA:2,(anonymous_1)
DA:13,2
DA:14,10
DA:15,10
DA:17,10
DA:18,2
DA:19,2
DA:22,10
LF:7
LH:7
BRDA:40,0,0,6
BRDA:40,0,1,4
BRF:2
BRH:2
end_of_record
TN:
SF:src\components\PollDetails.js
FN:17,(anonymous_0)
FN:25,(anonymous_1)
FN:29,(anonymous_2)
FN:58,(anonymous_3)
FN:60,(anonymous_4)
FN:68,(anonymous_5)
FN:74,(anonymous_6)
FN:124,(anonymous_7)
FN:149,(anonymous_8)
FNF:9
FNH:9
FNDA:15,(anonymous_0)
FNDA:15,(anonymous_1)
FNDA:15,(anonymous_2)
FNDA:1,(anonymous_3)
FNDA:1,(anonymous_4)
FNDA:15,(anonymous_5)
FNDA:2,(anonymous_6)
FNDA:36,(anonymous_7)
FNDA:18,(anonymous_8)
DA:17,2
DA:18,15
DA:19,15
DA:20,15
DA:21,15
DA:22,15
DA:23,15
DA:25,15
DA:26,15
DA:27,15
DA:29,15
DA:30,15
DA:31,15
DA:34,13
DA:36,13
DA:38,12
DA:39,11
DA:40,11
DA:42,1
DA:45,1
DA:46,1
DA:49,14
DA:50,13
DA:55,15
DA:58,15
DA:59,1
DA:60,1
DA:68,15
DA:69,15
DA:70,15
DA:74,15
DA:75,2
DA:78,15
DA:79,7
DA:86,8
DA:87,2
DA:105,6
DA:106,0
DA:124,6
DA:125,36
DA:128,6
DA:150,18
LF:42
LH:41
BRDA:36,0,0,1
BRDA:36,0,1,12
BRDA:38,1,0,11
BRDA:38,1,1,1
BRDA:42,2,0,1
BRDA:42,2,1,0
BRDA:45,3,0,1
BRDA:45,3,1,0
BRDA:49,4,0,13
BRDA:49,4,1,1
BRDA:59,5,0,1
BRDA:59,5,1,0
BRDA:78,6,0,7
BRDA:78,6,1,8
BRDA:86,7,0,2
BRDA:86,7,1,6
BRDA:105,8,0,0
BRDA:105,8,1,6
BRDA:125,9,0,36
BRDA:125,9,1,0
BRF:20
BRH:15
end_of_record
TN:
SF:src\components\PollView.js
FN:21,(anonymous_0)
FN:27,(anonymous_1)
FN:38,(anonymous_2)
FN:50,(anonymous_3)
FN:53,(anonymous_4)
FN:75,(anonymous_5)
FN:78,(anonymous_6)
FN:82,(anonymous_7)
FN:87,(anonymous_8)
FN:165,(anonymous_9)
FN:167,(anonymous_10)
FN:182,(anonymous_11)
FN:191,(anonymous_12)
FN:209,(anonymous_13)
FNF:14
FNH:14
FNDA:33,(anonymous_0)
FNDA:2,(anonymous_1)
FNDA:51,(anonymous_2)
FNDA:12,(anonymous_3)
FNDA:12,(anonymous_4)
FNDA:1,(anonymous_5)
FNDA:2,(anonymous_6)
FNDA:12,(anonymous_7)
FNDA:5,(anonymous_8)
FNDA:5,(anonymous_9)
FNDA:70,(anonymous_10)
FNDA:6,(anonymous_11)
FNDA:6,(anonymous_12)
FNDA:4,(anonymous_13)
DA:21,33
DA:27,2
DA:38,1
DA:39,51
DA:40,51
DA:41,50
DA:42,50
DA:43,50
DA:44,50
DA:45,50
DA:46,50
DA:47,50
DA:48,50
DA:50,50
DA:51,12
DA:53,12
DA:54,12
DA:55,12
DA:56,12
DA:58,12
DA:59,11
DA:60,11
DA:61,11
DA:63,1
DA:66,0
DA:68,12
DA:72,12
DA:75,12
DA:76,1
DA:77,1
DA:78,2
DA:82,12
DA:83,12
DA:87,50
DA:88,5
DA:89,5
DA:91,5
DA:92,1
DA:93,1
DA:96,4
DA:97,4
DA:109,2
DA:111,2
DA:112,1
DA:113,1
DA:115,1
DA:118,2
DA:122,50
DA:123,12
DA:130,38
DA:131,1
DA:140,37
DA:165,5
DA:168,70
DA:182,6
DA:191,6
DA:210,4
LF:57
LH:56
BRDA:58,0,0,11
BRDA:58,0,1,1
BRDA:63,1,0,1
BRDA:63,1,1,0
BRDA:76,2,0,1
BRDA:76,2,1,0
BRDA:91,3,0,1
BRDA:91,3,1,4
BRDA:111,4,0,1
BRDA:111,4,1,1
BRDA:115,5,0,1
BRDA:115,5,1,0
BRDA:122,6,0,12
BRDA:122,6,1,38
BRDA:130,7,0,1
BRDA:130,7,1,37
BRDA:155,8,0,37
BRDA:155,8,1,7
BRDA:161,9,0,35
BRDA:161,9,1,2
BRF:20
BRH:17
end_of_record
TN:
SF:src\context\AuthContext.js
FN:5,(anonymous_0)
FN:9,(anonymous_1)
FN:20,(anonymous_2)
FN:26,(anonymous_3)
FN:32,(anonymous_4)
FN:47,(anonymous_5)
FNF:6
FNH:6
FNDA:135,(anonymous_0)
FNDA:66,(anonymous_1)
FNDA:2,(anonymous_2)
FNDA:1,(anonymous_3)
FNDA:39,(anonymous_4)
FNDA:99,(anonymous_5)
DA:3,10
DA:5,10
DA:6,135
DA:7,135
DA:9,135
DA:11,66
DA:12,66
DA:14,66
DA:15,4
DA:17,66
DA:20,135
DA:21,2
DA:22,2
DA:23,2
DA:26,135
DA:27,1
DA:28,1
DA:29,1
DA:32,135
DA:33,39
DA:34,39
DA:40,135
DA:47,10
DA:48,99
DA:49,98
DA:50,4
DA:52,94
LF:27
LH:27
BRDA:14,0,0,4
BRDA:14,0,1,62
BRDA:14,1,0,66
BRDA:14,1,1,19
BRDA:36,2,0,7
BRDA:36,2,1,32
BRDA:49,3,0,4
BRDA:49,3,1,94
BRF:8
BRH:8
end_of_record
